17496
12298
7801
42291
11360
34752
13832
22148
37553
8782
9138
5651
2146
0
12367
576
0
6434
40957
7737
27262
5832
43796
1680
39530
10040
8874
38681
9218
12042
27599
5618
0
2232
8445
21185
4289
4717
5832
13464
42191
12204
13218
4673
25569
0
4702
3817
21658
15171
25512
26298
37134
2051
16606
11936
3960
5506
1541
17822
41
11269
4896
15100
8762
25360
21962
39396
0
37213
19558
29063
51759
18341
2234
40838
31499
23328
903
23102
3484
31626
4226
7776
15411
17496
2227
8560
5490
37363
4536
17375
13920
3240
4288
29623
8312
1076
4432
10630
21376
7893
16106
0
41633
22689
32336
10928
7464
8839
1656
44207
2403
192
14158
17231
4978
1349
15816
45103
31580
43133
2182
8696
26181
0
24083
4709
0
6768
11953
11805
5576
39814
6552
40446
0
7261
0
7232
16202
29046
0
21650
4870
31064
15039
40402
6852
25154
13258
45074
18094
5939
4597
16657
32897
5412
0
21093
6443
2176
21863
40865
6573
34565
0
10908
0
10237
15104
3096
20124
388
0
936
13009
32006
3700
8837
17582
3431
0
7776
6355
0
3528
4419
4578
14662
6308
28129
1605
13138
25891
6454
29351
960
33313
18792
48293
12024
6776
29764
13759
25221
2767
11550
16722
11019
4062
15296
5184
19202
1184
8130
19800
7776
4506
666
29405
37534
0
39549
27626
7599
12312
1707
31869
42674
3041
10975
1887
3262
2402
34453
27064
5336
8409
32605
5688
0
443
26537
16403
32357
11517
0
786
5383
8097
11058
12644
6924
