788392177
180328554
197677074
0
751791608
363510467
791701873
858670297
477081940
0
973394796
867009524
980120995
915484526
602406285
859137085
272295285
226291097
695190559
849319193
620756636
819069933
962709054
0
633093164
429867053
45227289
118850830
455084453
794015790
331164015
249596167
48841736
733984558
439719603
451648704
744704456
849319193
135681867
501205465
810477523
21107558
908315601
0
865028925
354365904
132534953
0
541928190
462104732
989578307
97059231
450860260
794709204
969750063
999145272
182001195
0
186378737
179050378
351619705
591916893
779895582
0
581262953
23103756
407045601
565550426
674473606
130169112
446790632
488995683
230374913
269666334
0
304864134
450409788
781054587
0
151727551
183857636
814091202
993308203
655356663
550666046
245863938
292318166
251302827
35227991
56603284
876231680
80185047
560704544
0
358807951
212156738
2988706
177261751
607677972
759202072
12775469
158070306
294046174
106823105
0
124208221
400270341
716349686
949773069
806629536
760329925
519277859
386034711
0
397046303
441421122
45227289
281781742
0
221136796
854318842
150074219
969639126
232768562
828755077
744928968
972099300
712147495
814091202
189040429
0
603030520
435655997
27307368
481229505
0
764766916
873429893
129430541
613207142
834243430
221136796
0
549645863
923940096
0
660994161
12515774
0
449478237
941407367
965162435
547397184
207324019
0
360265727
917297895
56252786
0
973583211
139066177
0
944975676
803577795
0
0
687212004
628182397
706745409
0
305777732
969729070
953079881
885315928
290344021
964900220
0
455689244
189968147
757860535
516933639
181119954
77349847
345469104
236954449
233031394
771078492
0
947040116
346752792
647329677
943081265
716450797
441208643
0
806164850
490637428
743749352
0
275697292
318903735
126342214
664353764
372184025
851845165
848108502
138182744
50708098
48384586
262226131
495472668
662758661
449395973
739930451
297163127
579570798
321709768
135681867
351502102
337256092
680171939
283794873
13863540
818443080
89181133
0
20189729
668410037
816014975
926664043
392922885
376894075
121580692
0
417957763
736883555
745298546
0
766521754
597183840
367771931
0
345932081
311826164
904636636
160979120
0
982949141
0
316591023
541668581
402387846
801049488
836665067
0
182821514
701045091
117206028
214346292
673719082
416406236
953481106
150782835
639901651
609964263
933005151
0
614428060
219830905
0
4274087
407045601
716870406
316922382
872881620
429231878
169217703
849319193
135681867
901642027
45227289
0
0
872265086
733359983
358457322
516825544
0
129066879
887933689
488184669
441282555
554663500
349886632
324297366
409726218
558821015
482074744
186838221
670025376
355889014
217091710
849014667
0
0
0
953990059
803452465
932188604
32112362
663105162
995000358
0
577955459
289574311
904545780
814091202
836458885
156927041
428577511
81175898
387236240
518389976
360174212
442273592
268398134
0
340566885
259354435
734705386
66922402
832566586
211505494
792487209
652404005
440119660
962486273
756734473
932510516
390588510
423194059
300809343
582063334
316591023
485808726
882692669
454988284
382162302
361818312
615556119
859508471
0
2251401
529558041
997305513
582955108
780496738
844242728
481570224
38631896
704259621
553097696
678056656
0
0
588584647
822475161
3574807
10017503
644853723
1385795
0
661730689
859677575
623410227
236045704
220647959
651612050
766990352
407045601
459833491
0
140824195
358706441
978232440
865197499
901727146
508871857
223952367
852173630
963771497
522439248
301164360
206552902
737951783
866236213
816326994
251562409
369172659
0
703561212
619662995
537727819
937962306
0
0
0
928186908
456574416
196624455
266165720
0
982768610
266661957
546070953
616694597
419389569
452272890
0
251459269
673617101
453524808
317180680
527651705
492500530
316591023
545375120
216430788
90454578
471557750
116184371
123385555
340055450
442852718
0
655662585
33556221
0
830393214
0
961166779
604722675
399301948
661188244
304834414
869326287
33459370
0
0
36555317
909374482
296062782
967468701
810349830
814091202
0
539943274
379147353
891430645
986543323
97736039
907745601
0
0
753905601
829481117
436005811
180717291
349020074
111125125
452123910
22606948
184952610
797323284
487500881
229245472
62591655
619173194
769069253
0
870668050
93249231
10536660
0
0
112665437
12392465
929082143
221136796
0
320850461
529058519
0
588472762
650077105
825305739
297054858
0
395664665
688413304
702965726
415151621
563585679
245489776
857127020
372490179
762091703
0
535226175
0
0
470413694
256287971
167145693
137557445
347115894
460827720
407045601
189293115
626267115
744424504
96951860
941646131
976794743
270025146
398289537
628182397
608694921
98544297
38043432
990171656
0
135608248
165257644
0
0
0
285806374
582895284
676802737
48611599
254672632
971630975
288892256
756606451
992269742
482501232
668272654
621371672
445207815
786842421
555782651
305760318
0
109086799
952851778
263702680
0
541014395
407045601
635805828
807479159
455760859
658333923
480009699
55795102
944572981
696957901
445752033
710594910
887606915
782331720
106905479
794730757
875866372
833182410
327896782
193113025
585080113
0
179876822
856472182
948039078
419621201
56671599
12665379
514445522
497500179
376389569
231782105
8231200
478241188
481254980
939229889
383856133
0
981787697
0
485735039
0
0
168255574
47861454
185167606
0
339189919
952694392
177593533
670869488
829348067
934697306
0
763864264
142853451
165910209
321000233
180380603
163374505
246059991
626879806
40227640
0
334413110
934403351
687349195
226536322
183054959
216831678
855421430
0
258248955
0
746937689
186858605
224565488
624937657
0
163848363
561033225
625558691
542727468
97369467
510190906
314205659
0
858079115
369373011
451930996
219517518
842550573
425520125
990000709
180909156
907898003
847355874
342496663
878316137
938252563
701678494
683688124
50286474
777497520
0
814892283
696734429
305062252
637378740
0
431607821
975398112
980354420
121636637
47258768
530838655
925915023
640237021
89755330
32411121
459332586
931142049
137887430
87996173
21064746
465202972
28536187
859318491
629874552
0
849319193
682596085
0
968087806
139232801
560693064
289175873
768567376
460510406
207218211
827603921
0
620422143
938357242
396638052
789429716
723994465
568483135
978521794
261619856
91793603
785454801
622706868
256364787
718636975
452272890
602797275
0
0
654361157
479426238
0
614037560
805107856
0
479368226
102698413
330594848
890140468
752522078
460048444
0
795707945
819543492
283831738
748146549
457530761
970808016
0
811467496
405333948
0
760769553
485400464
763864264
348930557
445581086
614984481
264396878
434114228
87191168
0
872702099
688077915
227994611
971350172
889923364
849319193
466310128
165885232
734247470
369905549
874581861
184293466
738199546
443133745
979985464
0
357066372
318176668
816997134
268121700
0
0
975748076
307618684
475732612
783487032
125703110
206064119
961541338
614791819
521980974
