22124
45275
270
15851
21539
135
27579
15120
0
10888
43344
24603
7689
2347
18168
276
13859
39063
4280
26303
948
11920
36096
27434
17103
1944
0
8196
0
11664
3752
3600
0
27576
1012
13227
16430
0
26704
26178
5276
3949
29577
5746
1989
10767
17547
5628
3752
1113
33696
17475
2140
432
11664
8631
29160
10023
6480
36181
11894
24791
9941
2431
2161
13373
8949
886
10063
12960
27965
30033
0
8544
20592
40601
6864
15351
4554
3378
27473
20552
5968
0
9889
18450
15631
1206
0
41083
4042
9072
27730
4620
2989
34871
4771
11250
34522
11077
35209
0
5840
18812
52066
19025
17449
12913
18681
39999
14239
24269
0
13861
2310
988
7287
7821
44414
6630
1133
24178
14272
26052
19592
17607
46889
15848
11379
22032
2474
31544
21608
43831
0
15531
8485
3456
28502
2780
4285
1296
204
26037
7139
0
19800
15975
4741
9488
27989
0
2865
0
4387
17147
27540
2152
5995
29557
18139
11024
838
8424
2012
3112
368
24771
0
4390
3899
258
4505
21024
20088
40397
5523
8548
5469
35064
11202
5262
21516
36481
1892
29160
30983
25069
22241
32521
10728
8537
13649
0
15949
20088
657
2479
29262
3337
10581
0
44051
41706
9041
9792
4607
11730
7605
7626
16168
10882
3440
0
0
7800
10347
0
32507
18893
12960
6666
0
212
5024
29717
7504
44521
22144
5584
0
30399
1073
1800
8476
5832
0
0
0
12533
27
0
46030
1764
0
1893
14256
38477
0
35399
12583
4504
32178
9792
11080
20992
0
36944
3586
27822
5303
9000
1365
11825
0
15451
12096
9032
29994
14875
7271
27472
93
8691
3964
34209
2785
24562
0
3500
1504
6222
13885
7728
33696
1296
1149
6480
0
0
16178
0
6268
0
459
4023
5446
0
11532
21444
28985
21839
1840
10
30371
48758
664
7253
3070
1626
12679
0
0
0
13234
10898
33199
497
34488
31065
10341
5184
0
1483
18038
5764
0
1969
27376
27042
0
0
27025
2516
2484
9355
10374
37584
20299
25059
13800
38713
0
32758
31613
2435
34992
13343
3892
17378
7800
0
20359
17114
21015
3248
11664
2845
4896
967
34992
6422
16743
6009
10142
5234
77
0
0
10074
12888
45096
15624
12208
13160
19376
43041
7067
16451
15152
9123
27807
879
18051
35526
0
432
9368
12637
45983
2112
3508
13267
20788
2979
4914
6212
2220
34248
2324
3037
5832
5794
4961
32154
49365
4152
0
7877
22154
37832
3746
21776
1880
8632
221
21547
25272
154
1749
14750
11015
32231
21836
0
0
0
238
12377
5161
1987
23328
27007
30765
35640
4136
0
4969
33784
635
29461
9104
3484
24388
2941
11026
19988
0
30839
20208
32599
22824
39652
18014
23498
0
36142
4819
4265
1459
22887
16473
15550
15462
23489
7122
1501
0
20808
38972
9872
3559
37804
0
15060
3672
11064
18123
20088
5832
18778
39236
32112
648
35406
18863
9494
25648
12083
14420
5060
10805
6798
0
4089
0
18915
3891
51411
2340
229
9852
20496
38640
21089
1133
25250
0
13680
0
29398
12255
22743
5400
7488
11313
10060
11664
6253
30096
22394
19595
3367
2380
3759
23179
4964
5832
242
22729
13224
4699
9219
24243
39456
9336
21031
12214
2781
22983
0
0
26256
0
16704
10092
1792
6120
22477
44232
2050
2
39640
7351
6966
29836
6402
4563
27703
11403
27489
17496
20876
12331
0
8488
23392
20736
6499
5369
4313
2460
11687
26438
37073
34992
13396
2676
41788
5107
0
12046
222
10951
31911
19668
6831
36888
5186
291
16801
2279
5989
11480
0
37463
257
2412
30495
0
20500
51093
7166
18803
0
15533
11664
25808
8396
22953
44805
10296
1944
29231
2032
2126
41647
16200
34992
12952
10971
800
17219
1
0
12708
10847
10891
35774
8163
0
28224
2328
11056
29421
22668
15535
2631
4394
38188
22104
13536
716
14730
31872
936
0
2219
0
17830
2683
19646
6119
2739
24717
18188
12576
2855
10883
74
10909
0
11778
5005
27060
13743
9770
7682
9995
297
18144
20828
34489
15940
16008
4453
4196
1672
1228
32548
22340
14355
5832
16094
0
18752
11559
1016
13290
491
22824
4597
11137
34420
23501
20597
15912
37021
1500
0
15124
17366
2830
17063
21334
36905
0
3165
15832
16306
889
