940
35666
23302
21830
13008
4963
19800
4568
11645
9312
5297
0
22360
19213
104
2016
12356
17087
5184
3252
0
17496
8520
19611
27940
32390
11016
12532
21967
18821
8030
25282
9374
11557
0
5053
14543
26210
6670
23392
15145
35942
12672
0
35318
13807
5402
41862
9034
0
17462
38288
792
5350
23805
1691
11460
17992
2056
0
37183
42383
13760
9583
9765
8352
0
0
0
45576
41983
27429
1347
13465
0
45952
23207
6567
14904
38707
22496
8723
1368
20708
16985
14499
13993
42215
0
1075
287
15593
13852
38856
324
8417
15185
1463
3325
10010
36387
5094
28668
21430
10949
32548
19066
5250
16824
0
9339
457
34749
720
12305
17844
0
27704
34544
0
8790
1439
619
0
2882
34552
20160
15905
12156
757
1068
37872
0
14389
1168
23960
12904
44566
31892
3048
0
6057
5881
1896
0
5184
6676
7115
11032
13950
7011
0
35667
0
26459
23532
42381
3652
10075
1882
2249
2446
12819
2437
32832
8448
10871
605
14665
3024
2964
16571
9648
13376
24998
983
7855
3511
11160
626
217
33624
25764
20391
3166
0
2210
11380
23680
6395
5435
0
3646
35949
35923
49248
10153
17136
13824
14579
2408
0
1422
7606
8874
2328
22244
7175
29160
22219
41427
9864
0
0
35656
6522
29635
18113
14196
0
4913
0
31746
2943
31736
39490
14647
5565
6723
1222
20486
31865
2273
2295
7976
22471
33699
11249
16227
2027
8120
44141
8974
21739
4413
4323
15333
6912
4738
2981
19709
21214
5574
27556
34992
0
4824
15480
12980
2561
0
4109
24723
28555
0
2515
13851
5472
32199
22153
33387
18157
4455
7821
506
17496
0
38748
0
24675
25492
11686
24311
1704
21897
27621
0
4538
1233
4976
27504
47095
32025
1360
40332
34640
470
19180
10543
648
1814
14109
44064
1063
31017
0
2414
25437
21811
6136
0
0
17581
22342
46656
2249
33394
8879
5832
0
297
2880
5463
34755
17424
40664
17187
842
27000
23554
33411
0
20555
10105
19605
16200
0
41287
8214
11373
6414
10950
6626
30763
14593
27072
12600
4532
13176
57
0
1419
9350
4048
31990
10560
3921
45907
41606
38880
23294
13373
23328
7739
24530
1255
340
1408
5182
42174
1021
4562
7275
0
7348
14496
11664
22032
5107
1840
7994
50851
15832
0
24750
24731
3128
1922
27640
38840
19450
22454
314
21384
40220
17496
25669
0
24272
37149
26591
15275
13911
0
10152
23694
6864
47087
27040
3427
4104
10368
12112
238
11129
23841
13505
29051
21387
8250
14450
27573
6962
11637
4671
3839
5846
0
4935
139
21312
16074
0
676
4032
7035
94
2470
41816
7127
6592
10254
9216
4283
1356
1422
14824
22032
11946
6676
6870
2320
23405
0
648
8005
2750
43021
20664
30744
27920
11478
27906
26906
8401
25272
20720
11664
35839
24919
0
20104
17088
0
1252
34951
35619
33362
42718
11421
7821
667
16385
17265
3150
0
34101
7404
5959
21888
4328
766
18167
573
25076
2767
29242
23598
1426
27639
19217
9513
0
14061
0
37253
11595
11664
15037
0
27813
33797
0
6832
2202
39926
13419
11068
1860
46780
19477
13110
10043
5222
29331
658
21191
7273
5340
0
17576
5134
10461
14751
14484
27416
1724
18208
2734
42665
15297
3389
3415
0
19532
10824
7590
10788
26572
5832
24617
6814
19526
417
41893
0
10344
4528
15195
7920
5832
0
0
9957
42995
5510
0
3240
17370
699
4772
1042
21441
45176
3976
0
20662
0
7660
21125
23527
5997
2085
2273
5817
0
14187
2238
6056
0
8280
9117
2966
6552
0
7145
28528
40268
5832
2736
34898
38509
17128
5945
1142
0
32575
9744
11664
33301
30188
46008
18332
31633
20482
0
1296
18928
38736
8924
27929
5593
3690
2085
123
2220
4351
28632
0
1418
18266
39289
3552
43654
49344
0
0
12516
36765
24667
14197
23583
35640
28263
28960
0
3888
0
17438
15427
23217
0
888
12184
17496
11590
11664
4925
0
32903
8594
24308
3136
392
8795
2921
5832
17367
46656
1061
408
2777
24425
28447
89
1656
3818
0
26978
2695
10473
5811
30011
29633
2731
0
1436
