6167528
14267063
11373581
10045157
5668704
4807132
1417176
0
25286262
0
12754584
956448
6914525
9986479
28817845
2675553
5801189
944692
35112123
0
2003829
4224349
13504648
26086810
0
1315240
13055537
9369251
1480228
7293454
6542550
22488192
10840330
22494711
17006112
2565752
22069883
1135191
32916456
0
11320767
2147637
6871433
7609900
0
12488376
3551399
1879798
24286975
0
28150416
3251484
4987190
0
670851
3795984
0
8572572
14560232
1417176
8475927
8478308
1489985
12815055
19268928
11819700
2577160
13504928
9195654
20487195
19322975
13604793
1417176
6288840
7580859
18096480
4852584
0
943809
583200
4711608
18359264
1557435
4170722
27766152
20652399
8614052
8923288
10591560
14745888
4041576
12837844
4429004
20789238
9001031
13064115
7054816
3174280
2045725
4554307
0
3996220
0
3829892
6181931
21810398
1413800
1526984
6279630
10995762
27188208
32814720
5966710
15588156
1383825
4251528
14496470
16599866
2152008
5954472
0
3884257
4251528
0
2739801
18655789
28396008
15300028
3429111
7608685
8503056
28815912
0
0
3145416
15792665
1456125
22651488
15009555
7335587
10322052
1755407
652291
28776580
2712596
3579614
12932568
3622704
16283035
2781864
3779136
25509168
20997479
5200101
12190669
2706336
0
29760696
6284451
35494261
18713320
3536472
3900468
19863377
9986856
6444296
24571513
0
22155768
21370054
0
20525336
6636125
15109903
32814311
0
26447904
12451968
14171760
10079360
20927959
7708980
21408422
2036716
12263483
30504317
31376160
2675592
0
558383
0
3320352
23869681
0
10590135
3149280
12093320
17032143
1716262
13636024
28365504
5821485
4840560
0
17892063
16067929
0
684720
5101003
5269492
448555
7223402
3114601
22017931
7886431
0
481464
19047539
23147208
10860620
12857798
1705040
12656945
12171526
3968803
8895096
0
8925688
12632394
14171760
1627128
944784
0
9949270
22751096
5314948
11586184
13738867
3241615
2615544
11924952
4491706
0
5616216
0
33412411
3899872
1572603
5759975
0
22525490
22644
19010376
27653902
0
4493894
2573684
4330015
2647728
17006112
0
9195843
29810308
4251528
0
3099764
14571080
432727
10343432
11308620
8898311
472392
7179192
24814877
9342864
4163317
12432304
15775493
0
0
10836582
4197312
11638104
13439704
0
12150503
3512996
24884424
2342993
6194424
20439432
5770272
11166432
1372794
2647728
3456432
11106242
9772744
0
12178120
0
2222815
27871128
6113297
3711979
2783536
33307958
4373712
15232483
12083071
685137
19382200
821489
0
0
4251528
632098
16810056
1469664
2023704
19548216
3511300
6947144
1743768
10889592
954266
1955268
17795798
6518592
13314736
6500392
5529392
16382543
23770573
19310472
12196694
5788996
3773534
389602
18078120
19659219
31315896
16605172
25833168
6597856
8805426
11189126
11591178
4411484
4121340
9661600
5168885
0
12976200
4677458
4251528
824314
3494448
332424
20580780
4999248
276696
18160848
11175696
27834474
1942056
12324105
17307432
15374132
4671432
25170722
16226267
18365386
3607704
1468105
6027974
7367812
6772716
3516065
25715038
3224420
15854181
0
15011568
42932
8287194
32437584
9102736
4256727
3868400
0
