11429244
3550453
1713065
6395544
1209131
10946394
7254233
0
4251528
23019452
4249423
13839336
8780203
19525065
259153
1712187
12360860
18519840
12364930
422624
5186950
2580984
17006112
682741
0
17204316
14644152
5762684
26833470
0
776592
13180840
8503056
0
6871686
26087280
13163494
12754584
0
16227082
0
5948491
32595048
1107806
15868872
1533547
11294654
4251528
28583246
6019396
472392
6592971
567746
4080600
11819652
992088
10242036
2993544
20147220
0
5292216
0
12001731
0
0
10954722
18282269
6156368
15615504
5128299
29760696
0
28303456
39411
17437750
28549746
30501498
3740288
7471066
2584936
3824496
19256442
472392
0
329904
5709255
23567112
12665200
23042232
7418596
3409540
10847877
7529305
1512256
27511793
10929866
14987671
35628134
472392
18423288
0
27139038
4051582
6161363
1263341
10216651
0
0
5390064
9213977
30934765
0
1019119
13522657
32654286
5581303
4501620
24150720
0
1118316
861435
0
0
24741444
3005745
0
7170119
27900816
24229958
5819096
12101695
2965482
20003478
2523960
13556596
10926382
2630232
9210822
7023736
18768926
23247777
0
4341122
17089049
10835670
3681239
