435923682
22279559
0
822686744
169490787
994550684
987984519
171050835
757288120
883099189
472993475
407045601
9883776
961269495
407690859
578096914
537872020
622466185
681975051
209980455
0
170878104
899273813
676553213
224611235
0
94896536
0
351819014
838304131
0
0
603487494
292954216
403542961
578810281
751186563
68868422
521234754
677784834
992140946
559701696
253421990
139987269
605231010
112934485
846145065
782169835
569402463
128355349
0
766879073
399856674
437197127
527392148
703688128
849295460
809091553
442502080
529655633
615806606
558734782
107364826
876276443
173262062
761722022
213997092
0
0
572017379
872419348
369103198
0
218676132
794647283
587954757
490713378
0
793861202
398803128
1692155
543774361
983430045
403148450
0
542727468
116532214
922640307
797241287
219444641
726715220
293184076
75654896
0
437198374
0
0
613815594
13934082
949064782
933594808
718636975
785701240
406287044
537669226
127374724
985638676
446607818
809524563
0
21078265
42727778
82572281
944773420
338770609
814376738
753914856
0
468150395
702874809
783572517
817789346
494047876
0
873141727
462048416
556505773
260216102
903443282
822416711
156854806
132150878
342640670
868044344
445658321
985665967
476419559
96975435
442593359
482794626
323737080
708979571
881743952
0
259804055
0
953801046
212428927
680931625
422365424
783835778
816552595
0
35227991
488700733
580494382
407045601
493882445
0
396943699
271842805
38299164
633482104
143903924
222266080
783128925
914458548
221136796
0
130682218
258761751
530372505
398661642
311221244
501683906
207156595
961721902
590622021
602535300
406759774
0
0
745404191
534664083
859318491
528799326
757190854
239400125
262808828
545070529
0
838282036
881489770
904545780
556035081
221136796
675131782
939002850
0
604593564
593279087
463481456
805194402
811151289
144176527
262637881
757514354
546366540
222487179
125945959
268228645
523173040
193800841
24434266
101368546
481975893
850713175
0
409102364
0
33620203
277731476
602568719
567172813
770419584
268413182
834314170
0
628182397
778363535
651877381
316591023
618106283
594361249
447040
971188018
880291727
811123636
949773069
740090641
793989759
559666333
33759291
172034377
0
0
782409057
260778651
221136796
48547907
714327063
251097446
570865863
454674080
844157727
566952135
118523658
983821746
316591023
549248325
914323230
663311393
710121269
200719490
345733275
574308662
713637326
494634326
29557423
856192723
768328709
19499817
22979184
35227991
383941837
186484358
201403278
814091202
664906001
615404076
0
0
440314307
211137498
387845458
320397509
227733298
306378523
923805283
780885799
382360633
104596441
623078918
45227289
0
114880086
542898574
45227289
93411203
764338550
436869580
0
0
458964694
443047741
0
751648614
776916437
899168870
732844892
16236044
639702903
536662234
492706746
495744129
463913571
0
23847055
649604334
0
849319193
429429009
260415106
659356246
71641857
320228067
311904989
633182046
0
830869579
515117622
262937939
901096894
989625036
661911388
698401484
82601540
957334679
0
352610995
289303897
823939398
518336195
0
678409335
818578010
841651600
137559368
361818312
348198734
408236245
176949506
966861845
0
409397991
520959901
0
887121299
446461316
240191779
209344662
401779354
930423330
29828367
30062420
617718352
356818663
241475671
0
40969059
9510858
585160104
339700691
400353797
0
661278605
397046303
826273900
112098716
893287262
278644876
302960498
708209571
747267293
645170319
226136445
652456913
786896182
0
192746632
814091202
793426133
860754028
405601209
509268448
407045601
206417519
778468832
0
905763267
717449477
837946565
312019601
876325966
453287105
463818651
875866080
674919710
85200761
273631823
271363734
886291380
322999400
0
709611064
243983696
513318649
812399047
849319193
6496388
513604000
331392111
461246970
990674038
685169381
214444992
732721420
482810548
681374935
823645245
863171350
678409335
451269840
688218572
0
227267318
637497907
684930192
353999749
0
784283551
16563160
677389903
265261587
285462222
0
368398609
0
473356669
691915592
303111993
58922615
573569431
923187891
772719228
180909156
136683162
913023629
376894075
0
279735787
5889364
732902281
548156286
509594666
0
679190857
193435469
811586148
388662344
678409335
909002140
694074755
678373815
650328677
568124441
105751698
764184275
475984253
240109710
283688616
42173761
727720221
0
542780964
335051096
148156418
536798127
522875365
695934730
568995235
408433183
525642817
910213399
85720674
803822943
238727333
248667826
895389668
223261740
508974479
766571887
831471631
22860769
25094539
572879195
701471001
209655192
513507493
60303052
670796439
106880602
328649540
511998597
762633350
318693951
0
700424665
802254826
150834446
407131675
221136796
425836780
0
972295103
570844945
896416664
240286664
0
221447704
102855234
216359028
954838741
660134651
497500179
915724392
858086882
139868617
609385350
948247179
232530044
0
799015439
0
605201952
80265038
876111766
273055889
603155344
238170723
113748142
814091202
417121715
217211354
0
625711375
813644597
0
911998188
746677114
728879967
187056601
200102696
332073196
149543625
605471626
596039429
715518954
435881552
109638390
967374058
226992001
588094327
255238396
300013957
819245167
969069562
61158760
907761028
102687547
0
46805611
123921401
102127221
707227600
692150598
184501765
51793215
582591105
0
529533099
141480987
981616750
664655162
920006749
48555017
552803582
959692851
104075794
0
867317713
113914300
53559181
135864469
604809376
343318294
180623316
384540845
651854865
949773069
93114779
563060583
241137529
268363697
130682218
469211755
600064920
355040282
0
0
755028049
578348630
173606777
55087664
995000358
244907035
973957372
40477288
61854657
440449800
147851102
445356643
566237313
666426369
689884305
171951335
218527472
716540812
0
986645110
37903992
26654052
333018628
968058224
398661642
591557338
180016051
406701840
179870461
491184389
549419272
842747297
959842186
0
0
314788029
818106139
437367672
0
86010153
750061946
552632534
0
0
0
107031748
603791124
227709532
356744249
885218102
320003947
133345368
959171640
755707934
726086194
0
624196250
815783357
95163241
356818663
324972121
155220947
555331690
407045601
120315778
248228117
0
445942652
546767991
805067077
0
944136287
936389461
513152937
668508455
59742248
754701869
693301214
0
421575110
915507224
