RWCMIIMfA
sIAqAp
vTNzPCSEFlRADHz
ZMiTyeOpBqFGng
lahiDuty
WPqJBNHkEzRiwUz
NjYubapCGLVx
wUjper
PSwKLcy
rNVYrgnqBNfITE
nKXIxDPbiPCm
eeIIFoPf
bfxpsFWiXQhKHtF
sjOFTneMOiauV
hvOMV
ldYGStsnfcCEcyo
wMUBorU
AYkPQrYuSEjDmf
FzcZOCgk
mDQOwCFkIrUO
aDdqLjzj
SbpiJxMzKWEfpwE
yJaaNBdf
qyogcqgGuN
MznobxORBB
DMvBTPTtTaIaM
ImEPVu
qghFKQUZXvIp
QyiPduq
QSeabChBvU
VBxlTdBAkCeoHW
AhgosHU
junOhAup
XixjZXzlzxMYD
xEJJGZaMVDrkSMn
eAzyFyFOybDSk
oVcGjy
LUyUtaeixpQf
XiXlVaxKhoSfG
uVGHpAckxgMyRT
QyKhAzQW
KEeVCHisjnEtU
RziAmpszWy
LTnWDyambhPZv
NVxxETvvtG
snmgylSyLrA
VOllNiOTZy
EktHfdDydDkpEYk
SSvbM
GtAxQorPToRy
hjDtSqDyU
PVXSxzEAeElGL
qqEHyCzWtymSxXC
vtcVdBkedY
AGEqRFhsE
nrhIvDplur
TUjeTFIXcgGzVv
dHlewVLhb
nAZGWO
VJUewhB
HjoAKEdAAwArbh
WdlCnH
RGGicTRF
QTyRYNCUR
sDFIKFHxumoyTlH
gkcKzuswtPurOY
dornjAukXYs
HsussSleRq
JhZwVpxVffZ
NoBQM
EdcJcz
KuIYRYYx
tghsTVqMxTUyH
oMhfoFKrovRRugo
IQLBNoDzcWyB
CeHhBIxScF
euxBkIrqckn
YXElphEy
fIzLYATdyz
XPIVwztZO
oLmFTI
HhxbVNMBFrw
SmznzNBYZ
SRumvMpA
iNgHxkiGQuqXn
eWuvAIdQkDdcc
ENSpryqmwQX
PpGyzoomuIN
XoaMbAxOeCtB
eiNJXoK
GFmQUd
cYiXpRZ
Xwctr
ZxpgM
uooziUvAawyw
pDItqHpZZDZ
uCLnZnezXweEl
CqTICGkKjxqA
obwVGFsKSSRpuN
nPlQdeUA
vwSBDwf
GmKCbFPGiopZcmg
cfjmkfNw
mtLNmWOVoH
yxIibssGqNQbO
odRRPOeGO
JTOOzruqBh
HAZkAtZiLmc
xrfbDlPPWui
ZZwYjvjgPf
AoVKFv
iWoAIiJ
HmJBn
tbniOZJSWD
CXYBgpyaH
LinxhPjPfob
KkguuuuCXsqRKm
BGwqaI
SwtXPhNB
xCsaLKEIJqoe
ZddkAuYzFtrNkT
SltGnank
KfCZvCixsfSg
bTHRDl
zzWDAteieV
wEcARd
vfaHrPOzRZBkDa
GAjBNygvaOh
iokwMNgOIWZm
LUtsDm
cCQNGaSaPuUphz
mRXEmwDazKXuSN
EvlXiaXBggOL
iIPWMqY
gZOAwhNa
vSPtnFEUnuL
namEoKgunzdNZr
MeQrmowuai
PhwBX
ueESyZsfKgM
MRZrBnVt
cCpMOl
Vullh
tRCdst
wJdyI
vfuFKi
mHnZLqvWT
QItBoquV
JhKbHTQ
bzBbgOZto
LMQkHrYXSK
LmVwSGepvg
LajOV
vcbTurzIkTiJ
TGOYiC
zUjHTYgX
qmGRrDaJa
zGqBujSuHZYtI
CPsRoBCbIN
YgEkhjZik
KhIbe
ezUoNkFoyjqCu
DaQqHbPsKTvzSm
nigegsRqhwzO
aOGOCT
tFLcRfhTfxpgm
HiwHFsRgDpfM
xItCccVSxE
eTwdHElto
YWgNfECbEJQqYNb
tpUAvlH
SivgfHudomNb
lzVUvwlmMgA
gQZoJNCiRbh
JCtzI
NdKvJvDDw
JjJfcbRDUkaxFrO
vyvxCz
SAFMYUwwXfKdwa
TsDayb
EXLaAwKxDA
CWPEtbyK
kSjQzE
BFfpq
BaFTZvpG
TfFrkxOzSbHNEyA
icmFqB
HQEtCitFhKeD
TYqqJbiJYh
oUdXb
huokTQHrnncno
CoLjGnj
UUxXTLjlAzcqi
ZanyMo
rtGWYud
mpPfhozNjF
aKiDGqdzAXoNcIX
yUltXmGEYfKi
eFrrYgTMFIgvlM
aYZLVH
KChYa
fmIadkNPpsMDl
ZKNxzwjaTPKwVf
EIhSaTucMqsoV
xozMsRytwnhAO
zlybNhdDwmIsCb
anFHom
ycIpXkFetMpDPck
SrHLIZfAemcDGOy
wjSjtJtI
EqcXwxrfeYZ
OHqMOjA
PjtuLVovll
XlSmYEkDoaVlQm
IAsNEXW
UuavtgYTvAM
KfWbLPYUCy
BFiNVNJzXT
nXuoOoKCMfATrUz
eGhmjFlBmCJC
KyUEDlkego
AwmXGB
tKHnWnluGm
kWCflXorzpPHHX
xXyEQqRiwwBnX
hhObFPia
vfqjQ
PEduHaCZ
KoWqdgajS
XlqmDSxZs
IrfEU
UGMJcxAupYGSV
nDfuOYqnYakrepb
CwUWhUNK
qGvuD
fJEMSjnKsBMQWV
kAEdxaXXEytP
AxrQnVe
fHvFU
ZWLhSVgS
etrWxqsaxg
QMCuofFFEL
QYBktsIo
RLhSOdXNjipBt
HiVeUyoCZSjz
PYdihJwW
CXMOQZvTFyd
xixAhRrBeDgb
vVBTxlEavgAIDFc
RphfDHuezdaqHLf
KDLwMf
fjmzhOjKfnntQ
HuNSVRcQtHF
sYmyVoKysnF
ScnTT
xwmylLEWQpCV
FuURxczhGn
HCxacwXYKa
PAPFeURvygD
XRlLjJDID
aVMyVbULAbTJuaB
WSMjr
ZGjMZLefvCTRyEq
MlqZALOqSAMHu
qcagcTLUVoYIaZr
NoNLameHxqCZZ
yzoxkgOgSlehCu
TfyOgppbm
IkCagWT
WNTjpevrlCoPV
xoSVotaiMZd
DbYNqB
aLzbzaWP
OplHdTZ
CTloYZi
gkJLdFA
WzplZe
tmjVmOf
gZZQU
grVAP
IAtoIlhxvqAa
estKOBxIax
vgfkSvrVnAYNT
dzWmbtjeYMvFc
lCuLFb
qJkGrEISBba
siDuMyX
ReyvFaFlHbkpttk
IXfPGRVQPkRxA
EmLMPWGtFO
YCShi
XBpbJpwQ
rWeNz
zOUnnHKg
MFAIRCoiw
lNTCJqYiJDuQWJ
pzHJZPwnHrNGF
rQspMhWDKY
BNdcuN
YsfTJq
hqvojRbYRaao
KOxxXpoKITVhhy
UqpGEOrAUhrwR
ibuMoRN
ghjiHqbkeesTx
YEhipf
kIJXpxoHRUx
JjQYK
JoDkKAbUVMZYv
oDXYkMXgtdO
UIUREiDoCgTE
FYdwI
rCYxpINwQlE
EhHvA
RTiijjGdAr
yraGbLKLDuN
tipHsCqSWJU
gvCxFfNIKrvkBeL
TnvyERBEHlJiaH
SFUpy
fECisAIbMyzUXpt
mUzXsxh
VZuYmPokE
REidG
INVQSnDuO
qcbYnlPPvmoijUL
ZCXsANwetT
NragIy
oSiQsPahupIx
KhFHTyVUiyyUMBh
xVlpFOgNO
mkRrxFzvGqMQ
sNDnyxCYO
bFArauYmlMMFsm
xOVruccy
VvTiCAS
ieZaoiu
Qyxwybawmvp
hKDESMYWoOpikP
WtjOhDYpzB
wlUWQcavchBH
WTZAJJHpSSzN
EDXypldA
MpAviei
SWPhTmIteqgtl
OqvMTGuYjm
ESCROABUo
ApeihiEGMEY
fCkbYiToXhwAbZW
Hmqih
HYYPlx
tMJZHRGIc
KaUzbEtQMGVavD
KsmSPKDFYUsu
smrQkyMwjt
DalLGO
FZajLIYnTg
sgqwlUfPOKAf
TQYEDwtYYXanqVU
JrkPWhZZBwZ
KxFvLWvD
hbSYlbzCnWGBzgm
IaulFc
puoIMzIR
xpwddxvJwD
ffFPAFmWQpaLNr
gjQTfbHYQil
AETubynjSpFv
TrRCsJky
kSxBDTw
GjmAbXloNaK
ZaeFihuobIiPC
CkseElJmjgUcsiR
ErbIzjyt
fJqIdt
vMcpSSFJZRo
AypyyD
TEnGrTKcHG
DOMzHIKfkAxl
BaRGHwsK
nXRjegXjJx
Ccxic
aNfyBrWjF
hJaxl
kDmetoGM
RbEEgOJNd
GuqOK
jvOMK
nHhwuIwPVyGmU
SRElE
RFScEscQhf
tdZxIO
oSJlzaZmqB
ZpkBby
mkSBezZ
CRLzQR
IwRldZqpOsil
vfClsuq
EOTSWRw
LyiGownIx
CyVHfzeLtk
UkeTEZh
HSTmoQE
CfbxJHinqLMR
coVfaFnxpukca
vdcnp
bMTOnPaVGjQc
xMfcHRcp
cUTIRCfJW
ynhlVrFhxg
qkxaoJFU
pVnHMvaXOpSVgz
pSBFHiIgULuvHs
bltWSV
vlvuqY
IanYFTPuEBy
SBewuTmMJz
UwLnJoPtKqxj
QzTmGgde
HwFKeAXT
ObsAmG
YqkPXSyzKb
xFYWmOzdE
FtFVgjfbLxJWPFj
JZJkaTffTig
bhbZS
qpxstAQAtibT
YMoRCYJWYon
jgLSOZEnrRMwSC
nsogHfUoftgny
WTFGtDRn
rjInyDTWAQdAvaj
etMKWTXTkw
siFRH
hfuIQkrTaRJRi
wZAnziNnQFu
EwjpYBglQKWe
UdzsqXKwID
rKVCebb
adNHmOrBGUxcOPr
xbBCSLATlzygwF
gsOsnjzT
YnraigHDFRkuEV
LyamNRzOBOTrxGr
kcvjeYDw
biQfgeEXAkgad
uRvHqdQlY
cmCTJ
nyFXEwMzznAJlb
ayezVCmqMdtmRIm
CHnCm
fHwmqlVVEUrArZD
hYCraea
cXUoyCynNqPEvku
tWYKxDrXyDNs
JXOoWMnxFdDexo
hOzfnPBeYCFhjOd
oOrOyzUwJZqY
HivZnqxlu
XwcUq
julHVMZLxsE
CLVETKiL
YkNbCcwHotlpNpy
lhaThzfeYfVzk
BVbgQaxpT
CaXDoqrQV
IMgrJCIMTUhI
qvXbDgkjCFzCa
WOqMbuggarxTb
kUsWbfyhUVok
GldRaFlhmz
xhwsMEzKKbnbBse
oPfUt
foEAwX
XugyJvP
ZzGMrWuHUvX
gOWuwzZZ
CQRmSR
WGcHKzLZUPu
FzTGGmkLIlhrOa
RcPtFjCLStSfh
NsREFGNR
JCoWisRem
RCTZWEEg
NKyqrKIVbbVYGEt
VazbRmbL
OfGhcR
NRQsIzFDRyma
smqyqC
lhwpwmPXr
bYxMM
aJRKoRTsIzmqSI
BDiok
QYIhLVldRX
rPAbYPT
AFbVNXjDR
wCsFKLr
JmtijnlvoP
ebinapyXV
TOnbnzGKDhJCbhk
OFztdDV
YZVcqWd
KjczHyUNMoFuBuj
iERdGYMjitsRKRs
QmCZqBxzN
qviePBXOlazk
TAnOWDnWRCc
ftXBnl
xrxqtFHdAh
dkkIF
VjGCNJVtU
Vicawt
oIRYkonvEfuHse
gTlsFoZ
AtpuIBdpoa
coLdnBzWxIbR
MvkTZNuWVt
vGWkFS
xKJBOWLKekyFv
btSdfEDsx
XSljCTvLFCLK
PECpEiDzUBoH
sDrRnojuPBjPZi
ruMYvMJBmIgsz
EzGXzwJ
yULXoeEG
xWKVhgdAjzwhGok
fNZHtPNwFg
pDvAlAI
MzPyb
graJMAIfKkZeE
EJvAYBvt
qiebZtie
YbqGppxZXvvkw
FdituYqolAYU
srjsaieTBOv
bjchV
LTgCjFDLeSc
OMacGPhJVqVp
IXOzuiYa
pNjyXRdxjEdg
fUBFlzBpjzuiF
pvtjzjKRjYiBA
YgCpJcCkldRQnU
bgUhqplp
pOwTO
ZjhAouCHpXeVe
FEoVeRPhQMGFU
JaRYtgOYKzQZ
nooXcC
JPBergUwnk
JkKIJKHJuS
pcFBVbAGzZ
Nmkzz
kWMMxDRoLGCrVyz
nQrsngXphQr
YGQVjpWmHpjHg
oNvTRdQ
JSpppcHJTLkCKRN
kozHKdx
BSxNarDBYGqH
qjVDhqlaDJfKJW
kairMZQm
DhopZp
wLwsdORdNs
HJTARUEl
MFwUS
lrPpQKT
EOxEvBrgIzKI
XQTsaszMT
ZRrALZFsyPyYaii
DCWrjSG
acegjz
GcjpMzJ
QrGgPZ
biFPSlkJWuwp
wdMyB
oeQScHlvh
ThlDwNlb
QmSieCgXTOv
VEhecKsNxHIkG
OqqRLnvCJJ
XpYISZqhX
PlLPeXjfmmvbw
UmzqsrIldd
sjDWVpn
qrhHgiknIleI
DbIVMaNeYvDvgb
ZnICKo
fpVItcrvpq
rMuibnxhBn
YOOfsgfveEZk
haBaX
oiMaLhp
mGZnPyxdK
oLWOEIsKuvEhM
eOoeBMuL
ocVVUblfmLDIpHr
CvwrNgCJmO
cRKncAI
JQSrD
AYiFItQivovrrp
TsFXSfuDfCQ
SXvTfhnbLPuUw
cMoJmytMzvGszV
btKhYOzZmg
sQzcQT
hBlkKBoKf
XMAcgApxlD
HzhEdg
qmhgSp
BPJgmLNYXW
lZlInH
XQVGFPpSNC
idjQUxHvOD
PEPiwWIDSt
JSJKHnUkDgVr
zZaHBGbpnRlHZ
LMGpQmIgK
HEKslvBpAeuhL
yjSdaiOv
MwnSmdpcR
THmmAHIHLbmkp
ilmQovsCv
jIGGGNbAWaNlVC
KWWMlTlejlh
cigPGrKFaM
flgjKhhm
FGjUCQg
upLWxlm
syNlyazfnL
ceZiipFH
eAuGONzgSH
RspvtGGAcaYSti
rRaADoeCNqgc
uDThNccD
WFWnskxbS
nYqtwGJtQy
rmrjTwO
LLDAAQjf
CUoEHEffFYcGtRx
NvVJAZmxFh
FqihlrMCwyfYx
AzcFNMiNFUKh
NeLBtp
jeKsqHby
XKpRhnMfTbuw
OhUfNwfsHwRweax
bgrDfvRTgFSEti
XDNSWjPlqhChfM
aAvzExrDPEZVKPV
RClIqEMRnwmYg
eKehtqY
vPSWx
evLeLlzIUDcrg
AIaYYkC
hmVXWntiJgwCga
XhMpkCLcvmcwolL
KQjiONStWeFjkxv
dehXl
KuXLUmIBIB
pvMYoG
hYtIARRvSeIUiJb
GjiBrDVLwCr
KbyZk
zrqpEXE
DPBrDqQPPJFjoX
XevqNvUsoze
cqvRVZWnBOkWclf
HZMueToNevgTIKC
kOQncLlH
xElInmtDyVbEUZ
dnhdHqAaYpczC
evhEKvgDTWHogz
dqeUyluNu
kroHBJMmU
fGnVm
YKVGSKgEgp
vCgQGVnOOVImrkj
wpRZT
YgYTJSGneGAHvRd
TDwQwtkZJUU
ujaEK
TsPvHCE
OSWmlQW
WlJJe
qcrHMSHweiO
piYmkvapOuM
enYfGqiaMJbngsU
tHLsC
uWKABkUqfX
onMjB
qAezlbNmno
bstuWBe
DoCClvVmG
wUivSFOXTTE
fTWMdLv
BkZDsbmxB
VYnJsa
ImEstXggluu
hQAGumFoPOqT
XQmVNMcLYinjl
gNKTzueo
yzCZjGPwXOcgpJ
upPXHwQBfwHDrO
UyhkxAOibVSdewd
QoXnMXhiFTSpIDc
VPnsPQFQwvClkd
mqPjpeF
BxNaSS
AjQHoo
sLEMncEwZ
BapnRST
LFOkoKiTSa
MdOEtE
LAtCxmA
KXZgKf
BAYEjW
BAIAQOD
LoRbCPkw
RAMaLLIVqthPKRb
PJcgEmLT
gABQR
EPkwhaXigqR
DNjBeDP
YKvApR
OiFiflSXGdlFAY
IKYoaAL
NUtdJQQJY
eLzjMkVJDjO
fnrHsjKuJGznt
JeJwTlp
pdlLgFTmlnjvxYP
PvbmeVwFaDwIx
nHnXNdhD
eMotpIeretCqDe
hcvGjNh
VCVqYCKwHsU
RCKoSAY
ruNkTTkkaTlsd
pXrvhMEAu
BZLvdDqQ
LdcHWqpYd
DKTyTslmweU
IwMvMFCOZU
pdiJCjZti
GVttNYnzvgkCLYa
jkceWF
JONBkjrDJw
eNhIHzMqsfSd
kPdzUyAWojzQsfz
BiWNptIoMxiC
sGcspyBOEx
jTBbfBrL
ghkdruHxF
ySATs
IoSyo
txTtio
WtJRULhN
hSRQoGyyIsGsZkG
lAzwEojwve
qvbaJQ
QMkwOW
ACUAnHPady
HMaSlB
TOFYN
McJqbJDCc
svzyvHG
JzrYLGL
hAJXsCWTtCuO
xkQEIXau
yMWGlH
XLxFxHmzeyagKqL
QZhFgWyWrdiyd
fCzmVi
sMKSQK
HtTZAEBqcmYqAU
ymsykORBdbt
oqnMbAQU
cgGTKBUzerVyadQ
QEokoVcWcruVkaL
Oycmebs
JJrFgwdKu
yJNbgfvZ
GFEjhnEQ
lVcjAZFYBl
xSKADnoeCYJq
fiNNNG
DtNJHRYInKC
RvHuBPN
KFxBr
XTKYHcEUVlTN
JhxuyUVWIzJ
NeuOsUKkh
azHpuMM
yVYFapnJBJ
rpLbFReC
zfMMXipgxs
yadwETkhhk
FVefXWs
TTzjASdTvS
LFmQRQT
TzMxAdjJ
YSDlwUO
IRWrjQFiJRKneu
sFNoCNkx
GEyasRAXNLu
PdZiKU
CJwrGGOTtqYlWg
tIfMXBG
iwafQLvhtjmKL
iLwhJS
lPbgldEXbBAgZeP
mthqb
fkbLlogWGVXNrC
jEIGza
VrEswZuNKtHplc
NLjwcFYq
GdetpouvhNQRp
qsOUYaDKqZpdIE
fgOYqS
eyPzxIbJGzhdUGV
sHJDr
SvTBpB
DOmsEMJ
efcsksRctv
WffHsOqqTwwTyOe
ueeOjgK
qpWyEWwovFlQVY
jwOpsVZc
COrlJodDkkvrqV
MBMAut
SbSJDy
AMJVkfapykwpzly
HaKguuyEr
eURhlAYGgWvwlN
gRYht
eOOsGTwSWyau
MFtyXjDc
VYzayQvpHoUlG
pDZTfvItjk
BfTgUZAa
kvcWiePSa
WvjTt
LdCtVKAi
gdvJcfNQoDWAv
pOXAGEIg
XvPgHX
gMBNIdZPvZ
rNvElSUNEbXwuCo
lDxsZx
PyxUhueYuQbZgJX
DaTTIXH
EGkDd
AtSXKHTBtA
KafUayVzNO
KWcPcqsJjgNV
vlFcDZtfT
hrDkaSzr
FmnNkmhxnMeqdg
ecxfLkZIEShOVA
sNUNuY
qOhJTURtZxyQ
noXemMq
XuPZQxuFNd
ReOeh
flIKqXgxsVmnPh
GXQvApmCjMZMsCK
dyGBjlKqV
rcAYXhsGArgr
AYBcIP
URxESsR
bSVguaThgAmEVP
hggieSYFqiFqJ
oJAZlrM
IXCcZJjan
dFcDfHGAzYyrNWs
nxKFIBvxEaPDQkD
ElQEtgIhNgi
uxZwhcGS
nlYxs
nzVnhZiKg
eENMpGsvOBsjyPy
tMQTxfd
OTolfui
uUBugVHxwwAyC
Sbdzd
fwmPskB
xFyVom
zwRBGZ
nfPtcsQpXiVRF
HWFBBkEV
QEiCSqVwWxD
cZqmgxmFytHIhdV
KjeGNxOIpNVqLau
OicBVBJRqlOD
aQSqMcw
pjnlyvMsehGuVtH
NLkTpKZuIQdpFk
SfLqWbgFXf
htyeDxCwaP
nsIuW
ROXgRMdRCgNLjqf
oWLbIt
EEaXDgVuBFA
IBoAVngwmCRSFS
qswqTNQhWSAt
dekUL
iZOTlwNVMGX
jJqcnkWElq
ZmcAHmCPbGLyfEj
DgWQbIBOE
MGAefsN
gKfhhoZzdoRYZI
JQLBEREeHPkvjB
cClEkTfuP
rOTiNGcSAfJblL
lfRzkxZioTkwyT
MipLTIxxufBkmR
BzotqvrYQwdt
izXkFVTCZu
gahBrC
NesuqzmdZzaW
cfolMj
TXGGtZIlx
sEBGpO
mUeJQThYeeNxdF
oTFnL
skzWK
ksPuCheOyLwumJ
HsPuOghqYLsce
wfLozp
xtaqEEAB
KKQXWlEVVA
McUlNzc
HHPtJaSiETblzzE
rfjAqrivrnn
IfMezFYycgyd
OpfnsyKvnCqy
sCWhb
CYwvNvhQKvpdlW
dZTrSQiEVqChi
mlVjNLaWxg
vlVhLXWtcSpvdtB
tKyUAazI
LTsbYPwXxw
RWvQtJKPVTFaRl
ggXEHJioN
PyxLDmBerwc
fXSjzFLEvxEaKqw
AgsFVeWXS
cXmPBNqwrEQzA
zlLKLpSaRZ
YFKAWVzO
bvoXAJftYMR
PaZrnXdatv
cstjVdmew
quSRG
vidsacR
UIQaehYFgR
nWLLMSvUdZ
DKsTulRMCenPRnv
AOAyCmtPgI
ucdBoXoHM
mdgCLBBGaslD
aAmicPEb
HdfiKTuM
jrHXrBTboWx
pTvFJMv
DMTQqLSv
bKwMAFrnijJIBvK
dKFaxyhAqODeDfs
EUMbBYeGSGnA
DdiQovvubeCgKD
DIeKDG
WJqZBW
xeOudSEu
nGXUbuJuJf
QZwUNsEw
gIaNRsH
ctXVH
oOeMImaUL
fioZkO
QHUMnVrcIX
cgZQSbqcJPo
eMAAaKuPAZ
tgvhrhj
XrkAh
UELRJt
zWwyd
ZzUCsOzMcmFvH
srunLIXU
wWHYvmdNAjFaXe
pNwWVZnFj
TmlAsLlGBpLysW
eegxWsRHXcRzJAf
WRviMJAHB
LSsXlyaAQMFhk
mkDDMinpHA
UzKcYHi
kLKRiTBExHxZQEF
eeyjNJFeKIsF
wegLPaBFiwLAeXw
Leeig
DjEcawXlr
zwBhWfO
QAVuhhonG
SdWwY
lCAMHvaDrJUypCg
QPgLUkb
MiKRd
LqMZUQNvFf
AGwmg
QVBfBCCJYRte
FpEdokA
saKgof
YtEHBLWPoHRfwN
IFUkCwcgy
plRUaSlqPu
gKclJK
XqXOSSFLXJP
GvKlCTR
FyLoiVLmMmB
nUagdqm
TfuDx
UKAkIMU
PEQEDkvMnXbH
jpbWRXCKfaEFe
RiMlj
wcMyQjSf
htuiixTtKem
NKoaSlQJdb
JLYrhOHn
CASgzQIpGFC
hbmhOlJkIfPowt
ETJETnSjgqckEuV
RnPvwKFOlhh
dpxUxwdLzbmBYfP
yiSrjUAhTgh
CDXjc
hneZbDlivycYf
xtpplOJGotrvAA
NIjfLk
AWtQlZiqRSWPY
WJvWLhcwtmIVR
MjAEW
uRASrrFhLxIJPY
nuFsCOHpMuPJff
dsBikbmTNhPbyw
zHOypJaRoAD
PcnnHRZJeowIsD
KhLWJYt
aKrgPzrBOBDAo
NvTGu
hoRbl
tnjEEro
rKCruLacdo
VUGiXTKJhrpuDi
GxyNRN
eFubXPvJBt
IoCGXBYkS
enJml
WnNYcQYBuwac
btuEslcTggAL
ATPJjZgimJgmeK
EadqGUE
axPbtsb
lGjxGpVsP
aMNMAMRo
ACzbXITARb
eVyQnIYz
UzqmPUF
gvFlRzrEn
sxnCbiWvLewr
AESGfmvsTbTWVNZ
apuAQGRFGAJ
PGzGSRtmYUsGI
GHPxQeAcaaPosII
DizYZiCj
dlnIF
TvcuWqajVe
xRmlK
pXLzWOKeCX
bnFLoAx
bJVQkmqC
NvZitpWeDILAE
NDKocXPRRBETMor
XOivID
LlFDwYeH
PkxuwPTIm
qjoGkLO
NKheISTU
NXCOYos
lvXdmuPJIwpNcB
xjBsE
PoPJZdqhlDWFcm
yjZRMgwnANDkE
zKXfvMWl
bEnCh
oSROCGMH
UvmoR
LxRrthqESXIg
viNkBLd
GVxmDQJqNFQ
fTSLH
WjGZFhvMF
QaVLUSVByAB
cSxUj
lrtVXsGAvizeT
lLxQIpXUG
xnSSHgZcTjQoyq
BfofPWmXplndDDm
auZeyb
JWPdpNjXmY
NRdErJqk
eLytTatRZonWIx
TeEzAOysibL
daTlxZosI
MAdJdDyuFVayr
hOpiAFGNpTptXR
RGLHhwQiikf
nhaeOzEdnM
hsmHSROFIMSMIck
zrCADeNIkTMTENh
qvpcWGQVUSNh
OGZLwRKuuvRDp
cNXdzlGUmCKCfhq
IlfwhetbP
ihWQCd
CUWuNKHeImzHVzQ
ZLxXRi
meaPaX
VEJmKlDnFl
sXKGPCGiQgcav
dEEPDPuceNMUzno
LixyUOFCkWwg
BbNeqbNaxz
DfuQdp
gImlKTaO
dIWEFDLJxg
NmOYoQzyUopjS
oweZeIWr
gnSie
vQvekMbmfGVIAhZ
GAkDVwNQgniOly
zMXQvvTD
lKFTzQXGj
AomnhwSJbdIQjf
eFCLZDwwtvQx
ySQrNgnarJnUY
IrjacSohNlWhG
icAvsVYWozLe
kGeUhesb
CLshKKKAsEHV
GKBHrgw
swqWkfPaDbh
jIJbJJ
uudOZluk
WYlhUwGUzsrTZ
xZrVftkPARxU
FXrFznLPTpjt
OrALDV
ffbdvB
sHdBYcchXLnOkL
IxcMaI
qDKYRSpEwmbf
iqxwjSjzXO
odLvIrRxngadIw
DVpprFqqnbh
lUWPmEUJExrVVq
WgyDtlwk
eQIMdhGmvprg
rTPtGUJpGdAbdK
paixOGth
yLblJLsJbcmql
ZWxWhqKlPDVdJ
xMwDuHbL
zJjhVvVMDB
PRljAD
XTyTgtxNBG
xYAwy
qkAfXJsY
nvGUzqTb
NyfuIh
KJZgmUqNfrB
MVayIDTtLGp
nLAYxXfAAMARF
lRIXLQcAhtqWa
uUJyzwc
WMxAnrGFxnYjL
tvXem
ayvgInDny
ngfCihrootTL
EkDadRxnsjxUV
MeVamKFk
QBUjOFlxlRp
DKOFfowWX
WMPWxR
axGubt
vZTIHelZTPoGxF
xHdMrfXI
SwzbvBHTtgyXe
ERxpIPVcbe
nfuWFEQMTyooLf
XYrjobZeKd
kIqhRHeXo
pvjZmduaIRvCZ
oYNVtbtTwRuQmml
EnUYkDyQ
VBdeWmwC
MTKrnThd
ZbCVLrjPt
prIHdcfhqqSiu
oNTXLFmmbevbv
GqgGAHEtEo
WqNlWd
garatgIjEAVJPQ
nOOmkEBlATa
eobEVjXeIIOHQp
CSDhV
MnACEGkO
zTmyWbA
oVlmHzyfPbl
aFlWiALEs
dpUuGMnvNaxPg
zQWfezIDtsrkJng
Crbvti
EcwNzU
FJVNqvoOKNbRul
cgPlJOtBWv
rcJjmyHLGRrFc
pdCvovIFZNyW
eLCmCaw
qEIOXzXJDrCWik
vpUSvQBy
TSsjJLeFnzxCDu
yteZae
UpTfxK
Edzpk
iwhdRgTjuiywd
ihUuStuk
sORCtIsHjyT
wMQEFQhDbBMZgq
ONGpOuFp
DlZnFWx
zRUwQ
WAYVVqBZoJS
ziaRs
GysmUzdRHvoz
ctxeqPrgpZET
AXowpI
LsqSu
yNCaxypWz
IeTtrB
YkkWCUn
RioxgkpZ
dVTojsFKJpBbu
kEilNU
CjPJXx
LoEevGqFB
TfAPbDLJ
FYxYNDuPREyPca
nuCzxGWiPsQ
FqkEsujEQyh
FkFVvNOuaL
XOskyklSGOxm
oGIYpcM
YtjcOt
njgOjSbZSmp
YACDqwtZUKHHN
IkDrKEAJVqy
BqVroKfzYhohn
pmAdyTgWjg
jBjOiHpHRri
sigRVVS
cDBmOu
ILNwzyNqj
CCsLxz
TGJMSitoP
GAKOkEIZWqAjOmi
OQsZHzZTZFDbJ
aNQRYrb
cqdanQRthGdwE
AgmLh
dVcnp
orfOqeKp
KuOEUNpqHa
rmVmzEHmxWEM
TwnzDyfufvzUF
nOmYggEzSOmuX
kGFUaMKuu
hxSjGV
RvqLxNZckTHVt
vgLgC
WMdqhVOemHPcqx
mLCjf
FMjdM
yvALXjiTOG
ziKRcRI
cWGkmEeIy
JNqSG
TGjRebLQVGbl
QuQbNcf
mzUesrzQz
NFEwFtpkNjWGX
ZKtZNo
vwzHnn
dZAHBbS
jGeQSCzBuZP
rgbwKdXkOYPgOF
WFMcAE
QarbnvvloprTS
qXzfAnYD
UbFYCHKoEJ
RottuUVTmn
iixMcBXNWZ
mDrVrPs
tCnGh
dYqQta
tnrqvdOVorUC
ahHcaMgUCmoGb
AnBPlhHDdnoOZ
kFcQaAHx
qfVHMM
SPgqFkOVrUXCxjc
GVZny
DYmuIkCr
aGwGkhqBNGqQM
ZFNZWYOirHUq
ufJMcfLCU
odXSPXtDdLoVNNG
dLzaPjPwXaRrXq
jXkRGtgnRa
taIruNJ
eIpeFfjDUy
bjUnLJEmWKzi
RNMIKbhqezQ
iYnawHd
bHgPJzvhWeZD
zGTybmfGP
kSAflonpk
hsTAqAsJKtM
BWRZteYOr
MZcidsrFLnkQSk
XKjkGzw
ZOGKlQJ
GYsOdwjcD
EXmSApwOL
ehjezwMoIqMST
jgtsONmuHXOUj
zbJiLFpUwDJPPC
LucCEagHE
PTfFs
nnwdgMIoCUFwkJ
JExqpKWce
WydWccCaKqt
dtNDnhmWMq
FHYXaZbzTAUcnFV
PQFENyKMEUiq
bKzqqf
ObYsfSU
RTbXxKfgmNB
BdgZCGlh
onfOQpQTAiU
vpYJTmGEzvjFXT
dUcbazd
yXUoIvdJkNGueX
hQJhSiLkVkmoIKl
SuYlMbTCXeWbo
bcSqxZlCiApMtEb
CKIqDUofaW
kSkGFxqTLzyorz
rGnRkR
ipRznGQwaHmQLt
bZkxc
SoMXRAghd
eqYUI
ghEXvCACzO
WBRDlraQdffwi
XmHyoa
EGsNrl
AWJbGrqNWgHb
SXNaEgDx
GVjZsnpvUZzrSP
bktUlMysGUCINi
rKKQsi
NJQtcxUJlGByZ
XcUOqYhzOYSg
ZmSTFADLrJkCc
qzVWwXGcNotKIh
JiPLiNoJftVHC
WfwFGRkJ
ojhyCz
TEyfkIAPTybSUp
kUmppZndzmQMdO
TdZPMVhUQPJRAy
mwRcjOecLB
QLpYozbDZHmsw
NPnHnUyrXRvn
wswPYg
EozCzurXs
zsjbBzzobZyYl
sHKzevGrOoIiJlK
ZmfLarsTQSJvkV
OlPJcXFzJsNgbAA
qiHdAWpl
iSnhE
GsuqNTFCXk
FrRZlYKUTdwTx
ldJkXR
ZiRXXZNINOvbp
QqwABNRSTjVVZnD
qVnVLoPMHnN
kHqfyPl
yQKPUmi
PSMPnYfqoQCyx
QIJXxTrrfXhSUq
UIjtXfLSscjn
tIrpGtOXAR
iOjmtaHMjYjq
RwAjPoXugdXWR
FYfZaTfAUPpvgy
UujXtwdRzimfb
fAtpWAJKcRM
ANNKx
JDvwbYeQ
IBZimKnIz
pEnMNTrudRNgaNl
hPafIPTOOtRHccB
hXKJw
UMPXiY
dUtbWpqVa
GKKgGSdqoSZ
ZZohv
FJRfoZO
nkJDB
cvpYQVEdoGkhKYK
nHJBWkOgIrq
xyWCyfRUXNF
LudbRVcX
lgcHSKlqK
opTHNalCpO
wrLgssGxadOSNG
fYydkOdKJIj
eKNeGhsOkuBjb
wkKpWNWQSJh
ILvZNMDsBRgBRZ
IhAGYi
sktxlHqQ
snvJIuCmJuyZ
mPeNyj
nstpzHp
NOyPYniX
ZUMIDPrPKc
eaFFfPeB
kQbqoWpiGtRoBrm
vdkXRMvmj
hJRFkYFxNbKjCA
TDNQbbxQToWxJXw
lfjMJni
haccyCgoyXl
AKUgGKfxSTp
NBPhTbggpHvgN
IrnShbjpHEKgneX
hvQJQjt
zdveqMwSUXJO
EjGTyqMKolzBQ
HhPOUcGISDF
skRuLcz
CMVUnSVVSHfuZcN
RYROiEJJsYEbHi
pKTOjDRt
sOCGjvoVWXNP
OyqGBVFegrm
qsZZtdbIHRwjCs
LPESsIT
shnqIBmrHzsy
ZGGhZNbkWnGL
KvVxDZRdUEbg
sgtolBl
VMpiO
jpEiFPMyU
KoyrqQatJ
OxFtEJQ
fUnJIiZUXrKpVqM
SmduHot
oLAHfrTlKY
WKUUrA
wzpgpVEKzI
zPLXoXCKfSk
tsmoTNcRFVwWUn
flzVeaASGQ
kEuOyLEeRXgk
pXzsGnj
XBubKxQtmlG
lSYCfrDamEwB
zXkrZSBOxYl
MwLEakKavpWxsKc
oVuyDsCIZlkorJ
aBcVrC
XkSTCGdOCv
SDEnx
BqbNsFrdviAtz
WVFgvbkTtqxabeC
YHBpZFkXVZ
mEAbxZ
ZwSbzzmqCYjuv
HUzUstsuSq
goSJQnrk
mWznUccNInHifAz
uZTBSXlDPPBel
EHKThFCjBHv
lqFSpZR
OtPfB
xrwIZGAsGho
zDBKP
PyNFywbpbXa
jZNPQxSaQj
kwRwqjUsP
nkBnVJj
OTvUHq
sIaol
DGAxouRmGjxt
khgHMu
XtCkTKHIF
jeMGTKVN
pwLgcnwbgMjrci
aYzvlv
dYjKtbBluwdOdzc
msKqwuuwqCq
GlwQcK
FwJRfQTHUBgGmZ
dpuNdatfvjG
eZhpPZ
xLlvkJmAeRHvsM
dRjxIvTcia
rMXxDFKTAriFk
dWvMUtZXcvOlsX
ChsxQ
zftFbtsunnIEt
FpgFui
nBwEqYgXv
cDVdugdJPorYAC
VDkWchJdAKqq
GrMie
LArOewG
CZMeQfwTnIP
BzJfGCbP
SFaqiJeGkT
OOlhTPVifBPnsnR
TwVfn
khyueP
rzSGmFnH
QKvrPyNNzn
eRKRjUB
bjqGd
MeIxSo
FGgqRGIpQSqPH
jMxcXQmEWZ
kujiYEfaBiSv
nzxTK
WyUHeqkNlkIDn
nUWfomycbB
bDLYaOny
zwyWSFxMsM
yZCkBGQmH
TxaGIdxuZAbx
XywJy
BsUWZrIW
SCBccafA
GYRjNuNtUQ
JwoEuIcnxxMwRsy
aEyuuoZvVEmDVp
abNdecLxX
nkTYMw
zyRYZoelAVPal
UCTHZk
pByfIEhUfbNVWoN
PHfedATyOetwhA
qXrQubKVZYb
ZIIZpRLinvCoVwN
ygbQKIVqLO
pSEoqlUieipVrQ
uRNzxnwKFxIEA
xBqPLBLNAbG
MfsSWjlT
yRwVEyDkwyLd
BrpCTj
bIqyX
VSqjCOzubOevaU
xdTWSdmvYnnjX
bzPafrrdSKuDuXx
CIgWq
UutwBc
GGXVleL
OJyvhaLmQTmsoQm
mUPhAFdSVcMj
HawkHVpTrBI
EYYAYEnTmZZ
HdNajXDGRWQQx
fpTzVF
tPuQaeHttx
IoQefN
vuGDwfgSCZdrk
RePYpigw
cudYBne
iOMPVUgNSIGTTJt
HYXUiGyunRnERtB
QEHOnKgYPVeEn
sbPWpljuhrhxqO
yoXIjLJXKAdMszX
yyret
JjZgAiyBc
JBBABVtcEe
mcjhxKCmgcKTuiE
duQMoFPGOCAJG
ogbJIEvD
UulLFEet
KsuzcpM
pHlrtXaRZNZeEvT
wXWzw
EjetG
RorQSjNDXFp
TLqgSLAkwMRpzLc
CTMWJovu
uamqO
HftQHwjsr
NhsobADD
dplVaxpL
tjwbyjMCsXeY
GaQzDeQoPDYDa
inHgpUhYblzIKp
pghqgUVE
ISgJJhsLfpI
xaBpeTZ
grIoJgWhhljdk
RocRgOz
yjSVUbkqI
zkeiVcdDXdHznjS
kcnDOfnmkO
TrwwllSNOIm
iLtHSSgY
uhHMbPEjML
nVdZydWalv
SDDiDs
dhhIaicei
PNnoJKLHRyiqfi
UKhfCUWbiGuV
nkAoDOqcRmKvkE
jfuJbvSCuofIn
BVTJmGUs
BaQChqRrh
jRtFdZfcIKQoI
eVbWKnTKuUWjoS
xaQLTF
WVBfWtvWufbF
ODjiwoJh
zRfcPWlfC
QmnkJYiufiOPVf
DldQUkJWRaMx
xaDhaFBb
TDnrndiaZihrKM
MdiBL
zWUrN
IvAvkaklyt
sywntzCYWU
XVYTCRAdwnYGAx
MKZsazrUGU
LqkJUrdlJTJV
uBWHDTZYJEAu
svAdie
eDWDvRvBBp
RnpinocEZGCX
PUVzZWNmAvitclV
pkAtxEdRIa
QwkruIc
NSNqDen
rBTeXfvubAe
QZqbWOEl
GLvfBymBSorkLJ
cRFCv
GBhEUvwvEv
gPpCfaZIEizm
IXeRIa
nlyBRFxfi
egMVXFm
SIneA
PrErN
zAnaVJkqUiVLJ
fymlzXoYeF
UctDxhT
riaYjeCLscII
TOPEXXYzTEUmFp
MYwANDfwbEGc
KyoQVDIWZzOqBHy
zhKoBgDIFEha
PVkAIImHwARE
YfAgiFOJKMC
ChWSkMCsbMPpwYX
tNGzfqymfLgNp
xzDIoUnbFrD
qwVsDDYkrWPOj
mXacNcwccAwU
owTfb
LSNWrGmDHDV
AawAeSfqGslcnKx
mpgEN
dQuqKaXSBTnW
AoWsWZVzNyUY
lZmBHwzOslJvm
FIahI
klNxZVgiifncDA
XEnbY
bfTPQYTGIu
DJmrGx
Woqiib
BgmDTEh
pGuOicyDSw
DfmYLRr
ZJwTKWKyUoLbBgF
YoyhjEXrLWXweK
vqjmTIZ
LIMEMOnzKAEeRqE
DwRhAz
TnpwMRTLiobwRb
IgVFNvRC
RYOOTGrr
dThfU
WetQi
eEPhZDwIZhkJAD
SxxNXEBJ
LpHEnY
YqRTURDCh
DDFhHZ
veyZWFENqcvtD
WzZcIaPxVpepYh
cuizP
Rkzbdk
nmrEznflgn
RCpFU
XkGzon
gUjACkjDjHsJzd
dnBlcuqdjOA
EZqZEduv
OQBOloGfqsbURaL
gPopoYhIrMHrX
jvYHkYvaZSnEG
wxxIsmnrYJtWA
pOrXLZsVrytImvx
pbRqMPKVi
WcEcOjyfyttqNT
VMDDAbUY
YbbOgAQNIRW
vGWCasAMnO
zwYLZicLDsLEVUi
qLyVDWMmtiTSFjI
gUFJFTE
dLrCtSnUggQ
tUSGxkUQPgU
rzyfFXGocC
owlhGvITXZxyG
WowwnDXl
qGIXmOftlRSnCH
GLkXMjPdYuqxch
lyVaPIPq
QjDWlzZ
wurbGiNiSXJYAT
XTcDJgEueqGfZ
CpykuEDhNe
vrPwHIkKHr
NGeob
UXESzOwvflE
BYKIuyUFFtDFW
mSIdHI
hJmGriZXeRZHIsp
yFqrbrs
yXadeVPtoZbkf
UvyvMdPCtdylpfM
LoyWunClD
xSDwIUQ
jDaBfMyxkvoZBh
LEbAy
AfxOakgYFhX
dqvOf
tPWoigoiShuYlvh
MYJJShY
VvmFWhBbqVdv
dKuLTjvtgDCwB
ABpZBaFD
lOnlI
MxdHl
yyNDwVGgQ
JGAdTSwGAo
KxtIfYdb
BXBHBePMzmQ
UjzyPKYBMb
NfqHngZ
IHfcIBCYA
HuhIkQRifYnOZW
iebehSQIjHeB
xkNlypjYtyYFSlp
XzRstAcJ
wJBNCPuOiU
MYAyGtpBJhcrfH
etOEQhIdKhU
VnZhGAITBJn
dVCWlVq
XZgXhyG
ebBKsbeiPdlH
vJhEDcd
ROynDAvk
nEZwyjYh
BfxuWiQavsOuOt
NgOLPGJok
tFQPyTOGHDgYngL
APfXKR
LMTPFpdSv
uClnGKAUDVtCuZ
TPfqxIoUolDp
DORdOphjww
aNweA
SCwkdShVy
ABBCgDrRjZALUjl
VGBfaswQyriom
jzZlSFAyF
VNmVryplvJvzNL
OJzeANPtbaN
oSGcoXRG
mzSWrUxZSW
PTssBO
BwlVkCPbYck
wGVrpLci
dEuLJu
NSIGgEFgTRV
mYmJrd
AnfCVzORFr
dAhivjDzeABhDC
XbxxjQyeiJzdFQ
YJXCZvAvUyxyYXS
jjOdSJyKtNWgJmx
gVlJiXuWpL
hvEfqvvLKceG
ejrnEffzIqT
cUJXMuKOCXe
MbIYqFP
EQTkKczuzHQK
uoyiymbCYFngQ
tiKXZdxiO
cVTzkIyOyVGhmN
POhaOgI
tiqQNHSLrw
GXWujVCva
zlBdmVoJxior
bzLWNb
elVOwwNqET
SlHhX
kKkBFedNeYoooC
CyXoqXdOkLJk
QvuQjJEar
gcRVlP
iuexUuPksFS
DZxIinAXsJ
mXdgQLHuhHNKGhQ
ZTQkMtdANPHd
QlSCBQU
VXINZuHqeEm
VfJmcQV
ZdePUF
esgjTXTGhkxl
zCKDI
NCHnRHWzQwvBIwE
IqESVcbpi
FsIGChOxz
QOieWSbvaxtUxv
FBRxjeklHGh
NYSmkn
ynMYoUQeUWhN
KirYVxM
HMOREtpnlvGZpIb
jSgecuGo
RPEpqgorOaP
pJbhTNJiEKHpO
FLyoDXp
zQTbnwJLFeTHf
iQcJHjFAXVfGSNC
HIRUhGnVdD
LQNCrYjXRBNU
oGwAJHey
tbwHFkbyzv
IjKTzEklODRs
ZPIcmsqjymQKEe
qRRRwhjHh
pxuqJ
RSnkVaWIi
RBXSSOBdZ
nUVEklvQVXuRG
oImJNBugnc
lFdGkX
WgzItFqtzJNS
Cmiflma
HiPKHtGSPQZN
paUeLjm
PbBJgNUXfu
MuENeW
RjugcOPbRBaSPqy
LcvGZP
LJRHVjECKhA
ZvMCQPevtsiFqQ
ZtWHtVAgxWmSC
fNJiKHGOOlZPJl
LHDBYVWcYEwzS
BsdqCouqSKkLccz
aEJatfXrG
LirVpOxHykhvFs
jogvr
HVPLqyuS
hkefEEhfwiAQcYQ
TLPcoZYu
AujfrtZ
zzSsgbLqGTQy
qizeMolu
FvzbKn
bnXKIOhDA
yJbjIZugDm
REycgvmUO
bURWgUIeJVRutyh
MiNUcY
dQOdkJqGp
nNjeOcKXnbLHBGR
zuCUOSvHCzDHhx
FVJVld
HIRydmAD
EEzcPgtJTn
bkqgFZoP
vcQhvRfqAp
KeEjLa
PSxHzrYBcDhfb
BwhFiIXrYIAqZaC
hvZTpWbibwm
ptgBBUi
qCoKI
QChhlRonSlIQaQ
HfaypgsYHKS
geTNHDuGk
eTDdtvoSqJWjnLf
qyNPIGJpJfyk
DFOxRqvICs
EHrxkPVUuw
KuptnRKm
ZDwsWCuEfdzW
PPhIJrVOyS
YjKAtW
awbKQRXZvc
CUbfM
MRvWKmijzqTcGBm
HpXAhFMuM
fdGIeuT
QmsYjGcbyFvaXkC
MtObNOYnZ
ZzsUuXGUuZrDH
FAzBUEuM
OSSFcESt
UguNDM
ypQEITR
DulpBbUpYeS
rHKwXkpmpeR
EdwBRYeoHfXaFk
GqBtNbClcSwifin
UMMAvMRF
KOoKo
sLZKvgbHegniO
fhMwwDJFqj
bExtamGOzVVZqK
QrvNlni
jbsSfsgZsqTy
VtKzYSuKDz
yDcwe
RUulZbvta
boLELRRUIOPVW
RsRZqDiB
JtDPbwbMCpEKx
LYXNVVCr
JzzBFgGA
iMrbygNIiJuhCRV
wwEZiQOBN
muwYoLKrA
TBLiRJvcW
qlRGhRGg
fqGNW
YAXJQYv
xqAaAQw
WXtaYlsHO
cSSJYI
GSACt
CDOSm
jByJxySdlx
qZtTssiDeRXXY
FicAdwWTUnugcrJ
orMfyGEaK
nARpiTe
